Namespace(exp_name='pointnet_200', model='pointnet', dataset='modelnet40', batch_size=5, test_batch_size=2, epochs=250, use_sgd=True, lr=0.001, momentum=0.9, no_cuda=False, seed=1, eval=False, num_points=200, dropout=0.5, emb_dims=1024, k=20, model_path='')
Using GPU : 0 from 1 devices
Train 0, loss: 2.212147, train acc: 0.173710, train avg acc: 0.173710
Test 0, loss: 1.892220, test acc: 0.166667, test avg acc: 0.166667
Train 1, loss: 1.815949, train acc: 0.168056, train avg acc: 0.168056
Test 1, loss: 1.843260, test acc: 0.166667, test avg acc: 0.166667
Train 2, loss: 1.815557, train acc: 0.168056, train avg acc: 0.168056
Test 2, loss: 1.836466, test acc: 0.166667, test avg acc: 0.166667
Train 3, loss: 1.815695, train acc: 0.172917, train avg acc: 0.172917
Test 3, loss: 1.814433, test acc: 0.167063, test avg acc: 0.167063
Train 4, loss: 1.816774, train acc: 0.165873, train avg acc: 0.165873
Test 4, loss: 1.824634, test acc: 0.166667, test avg acc: 0.166667
Train 5, loss: 1.814421, train acc: 0.175992, train avg acc: 0.175992
Test 5, loss: 1.807551, test acc: 0.166667, test avg acc: 0.166667
Train 6, loss: 1.819248, train acc: 0.166171, train avg acc: 0.166171
Test 6, loss: 1.800478, test acc: 0.166667, test avg acc: 0.166667
Train 7, loss: 1.815368, train acc: 0.165972, train avg acc: 0.165972
Test 7, loss: 1.832152, test acc: 0.167063, test avg acc: 0.167063
Train 8, loss: 1.817259, train acc: 0.168056, train avg acc: 0.168056
Test 8, loss: 1.822360, test acc: 0.166667, test avg acc: 0.166667
Train 9, loss: 1.818822, train acc: 0.167956, train avg acc: 0.167956
Test 9, loss: 1.809847, test acc: 0.166667, test avg acc: 0.166667
Train 10, loss: 1.815505, train acc: 0.173016, train avg acc: 0.173016
Test 10, loss: 1.808844, test acc: 0.166667, test avg acc: 0.166667
Train 11, loss: 1.817141, train acc: 0.162401, train avg acc: 0.162401
Test 11, loss: 1.802703, test acc: 0.166270, test avg acc: 0.166270
Train 12, loss: 1.813864, train acc: 0.176389, train avg acc: 0.176389
Test 12, loss: 1.808481, test acc: 0.166667, test avg acc: 0.166667
Train 13, loss: 1.813510, train acc: 0.174405, train avg acc: 0.174405
Test 13, loss: 1.811750, test acc: 0.166667, test avg acc: 0.166667
Train 14, loss: 1.814855, train acc: 0.165079, train avg acc: 0.165079
Test 14, loss: 1.824155, test acc: 0.166667, test avg acc: 0.166667
Train 15, loss: 1.816394, train acc: 0.164385, train avg acc: 0.164385
Test 15, loss: 1.812319, test acc: 0.166667, test avg acc: 0.166667
Train 16, loss: 1.815819, train acc: 0.165079, train avg acc: 0.165079
Test 16, loss: 1.806346, test acc: 0.166667, test avg acc: 0.166667
Train 17, loss: 1.816852, train acc: 0.163988, train avg acc: 0.163988
Test 17, loss: 1.797538, test acc: 0.166667, test avg acc: 0.166667
Train 18, loss: 1.817468, train acc: 0.163294, train avg acc: 0.163294
Test 18, loss: 1.796825, test acc: 0.166667, test avg acc: 0.166667
Train 19, loss: 1.816133, train acc: 0.162996, train avg acc: 0.162996
Test 19, loss: 1.820033, test acc: 0.166667, test avg acc: 0.166667
Train 20, loss: 1.815834, train acc: 0.165079, train avg acc: 0.165079
Test 20, loss: 1.808601, test acc: 0.166667, test avg acc: 0.166667
Train 21, loss: 1.813985, train acc: 0.163690, train avg acc: 0.163690
Test 21, loss: 1.814880, test acc: 0.166667, test avg acc: 0.166667
Train 22, loss: 1.814481, train acc: 0.158433, train avg acc: 0.158433
Test 22, loss: 1.828445, test acc: 0.166667, test avg acc: 0.166667
Train 23, loss: 1.815860, train acc: 0.165675, train avg acc: 0.165675
Test 23, loss: 1.811560, test acc: 0.166667, test avg acc: 0.166667
Train 24, loss: 1.815188, train acc: 0.172222, train avg acc: 0.172222
Test 24, loss: 1.830790, test acc: 0.166667, test avg acc: 0.166667
Train 25, loss: 1.813972, train acc: 0.166766, train avg acc: 0.166766
Test 25, loss: 1.803435, test acc: 0.166667, test avg acc: 0.166667
Train 26, loss: 1.813016, train acc: 0.168948, train avg acc: 0.168948
Test 26, loss: 1.835457, test acc: 0.166667, test avg acc: 0.166667
Train 27, loss: 1.815268, train acc: 0.169147, train avg acc: 0.169147
Test 27, loss: 1.811073, test acc: 0.166667, test avg acc: 0.166667
Train 28, loss: 1.815062, train acc: 0.173313, train avg acc: 0.173313
Test 28, loss: 1.814475, test acc: 0.166667, test avg acc: 0.166667
Train 29, loss: 1.815236, train acc: 0.160317, train avg acc: 0.160317
Test 29, loss: 1.821978, test acc: 0.166667, test avg acc: 0.166667
Train 30, loss: 1.814712, train acc: 0.164683, train avg acc: 0.164683
Test 30, loss: 1.815142, test acc: 0.166667, test avg acc: 0.166667
Train 31, loss: 1.816963, train acc: 0.163492, train avg acc: 0.163492
Test 31, loss: 1.809228, test acc: 0.166667, test avg acc: 0.166667
Train 32, loss: 1.816658, train acc: 0.159623, train avg acc: 0.159623
Test 32, loss: 1.808864, test acc: 0.166667, test avg acc: 0.166667
Train 33, loss: 1.817091, train acc: 0.162698, train avg acc: 0.162698
Test 33, loss: 1.798353, test acc: 0.166667, test avg acc: 0.166667
Train 34, loss: 1.817329, train acc: 0.160317, train avg acc: 0.160317
Test 34, loss: 1.812975, test acc: 0.166667, test avg acc: 0.166667
Train 35, loss: 1.812535, train acc: 0.167361, train avg acc: 0.167361
Test 35, loss: 1.802057, test acc: 0.166667, test avg acc: 0.166667
Train 36, loss: 1.815964, train acc: 0.175198, train avg acc: 0.175198
Test 36, loss: 1.811666, test acc: 0.166667, test avg acc: 0.166667
Train 37, loss: 1.814836, train acc: 0.158829, train avg acc: 0.158829
Test 37, loss: 1.817253, test acc: 0.166667, test avg acc: 0.166667
Train 38, loss: 1.814035, train acc: 0.161706, train avg acc: 0.161706
Test 38, loss: 1.804325, test acc: 0.166667, test avg acc: 0.166667
Train 39, loss: 1.815202, train acc: 0.166567, train avg acc: 0.166567
Test 39, loss: 1.825587, test acc: 0.166667, test avg acc: 0.166667
Train 40, loss: 1.815034, train acc: 0.170337, train avg acc: 0.170337
Test 40, loss: 1.796815, test acc: 0.166667, test avg acc: 0.166667
Train 41, loss: 1.813809, train acc: 0.169841, train avg acc: 0.169841
Test 41, loss: 1.811320, test acc: 0.166667, test avg acc: 0.166667
Train 42, loss: 1.812836, train acc: 0.169444, train avg acc: 0.169444
Test 42, loss: 1.812899, test acc: 0.166667, test avg acc: 0.166667
Train 43, loss: 1.812849, train acc: 0.167063, train avg acc: 0.167063
Test 43, loss: 1.809865, test acc: 0.166667, test avg acc: 0.166667
Train 44, loss: 1.814558, train acc: 0.167361, train avg acc: 0.167361
Test 44, loss: 1.808715, test acc: 0.166667, test avg acc: 0.166667
Train 45, loss: 1.811753, train acc: 0.167063, train avg acc: 0.167063
Test 45, loss: 1.794019, test acc: 0.166667, test avg acc: 0.166667
Train 46, loss: 1.815856, train acc: 0.162698, train avg acc: 0.162698
Test 46, loss: 1.813618, test acc: 0.166667, test avg acc: 0.166667
Train 47, loss: 1.813313, train acc: 0.171329, train avg acc: 0.171329
Test 47, loss: 1.796954, test acc: 0.166667, test avg acc: 0.166667
Train 48, loss: 1.812512, train acc: 0.167361, train avg acc: 0.167361
Test 48, loss: 1.801187, test acc: 0.166667, test avg acc: 0.166667
Train 49, loss: 1.814356, train acc: 0.168651, train avg acc: 0.168651
Test 49, loss: 1.824671, test acc: 0.166667, test avg acc: 0.166667
Train 50, loss: 1.813147, train acc: 0.167758, train avg acc: 0.167758
Test 50, loss: 1.797771, test acc: 0.166667, test avg acc: 0.166667
Train 51, loss: 1.812216, train acc: 0.169246, train avg acc: 0.169246
Test 51, loss: 1.822534, test acc: 0.166667, test avg acc: 0.166667
Train 52, loss: 1.812628, train acc: 0.167857, train avg acc: 0.167857
Test 52, loss: 1.800377, test acc: 0.166667, test avg acc: 0.166667
Train 53, loss: 1.812780, train acc: 0.161905, train avg acc: 0.161905
Test 53, loss: 1.808344, test acc: 0.166667, test avg acc: 0.166667
Train 54, loss: 1.812412, train acc: 0.172222, train avg acc: 0.172222
Test 54, loss: 1.810404, test acc: 0.166667, test avg acc: 0.166667
Train 55, loss: 1.812729, train acc: 0.170238, train avg acc: 0.170238
Test 55, loss: 1.818876, test acc: 0.166667, test avg acc: 0.166667
Train 56, loss: 1.812903, train acc: 0.160615, train avg acc: 0.160615
Test 56, loss: 1.812915, test acc: 0.166667, test avg acc: 0.166667
Train 57, loss: 1.811432, train acc: 0.171131, train avg acc: 0.171131
Test 57, loss: 1.820605, test acc: 0.166667, test avg acc: 0.166667
Train 58, loss: 1.813569, train acc: 0.169643, train avg acc: 0.169643
Test 58, loss: 1.802592, test acc: 0.166667, test avg acc: 0.166667
Train 59, loss: 1.812807, train acc: 0.162004, train avg acc: 0.162004
Test 59, loss: 1.839118, test acc: 0.166667, test avg acc: 0.166667
Train 60, loss: 1.811582, train acc: 0.171627, train avg acc: 0.171627
Test 60, loss: 1.827491, test acc: 0.166667, test avg acc: 0.166667
Train 61, loss: 1.811484, train acc: 0.169345, train avg acc: 0.169345
Test 61, loss: 1.799093, test acc: 0.166667, test avg acc: 0.166667
Train 62, loss: 1.813176, train acc: 0.166865, train avg acc: 0.166865
Test 62, loss: 1.812053, test acc: 0.166667, test avg acc: 0.166667
Train 63, loss: 1.811405, train acc: 0.167758, train avg acc: 0.167758
Test 63, loss: 1.820960, test acc: 0.166667, test avg acc: 0.166667
Train 64, loss: 1.812568, train acc: 0.165278, train avg acc: 0.165278
Test 64, loss: 1.795877, test acc: 0.166667, test avg acc: 0.166667
Train 65, loss: 1.813126, train acc: 0.169246, train avg acc: 0.169246
Test 65, loss: 1.809213, test acc: 0.166667, test avg acc: 0.166667
Train 66, loss: 1.813423, train acc: 0.169841, train avg acc: 0.169841
Test 66, loss: 1.805585, test acc: 0.166667, test avg acc: 0.166667
Train 67, loss: 1.813595, train acc: 0.162897, train avg acc: 0.162897
Test 67, loss: 1.807221, test acc: 0.166667, test avg acc: 0.166667
Train 68, loss: 1.813462, train acc: 0.164683, train avg acc: 0.164683
Test 68, loss: 1.817703, test acc: 0.166667, test avg acc: 0.166667
Train 69, loss: 1.811840, train acc: 0.169147, train avg acc: 0.169147
Test 69, loss: 1.860541, test acc: 0.166667, test avg acc: 0.166667
Train 70, loss: 1.810592, train acc: 0.169940, train avg acc: 0.169940
Test 70, loss: 1.801383, test acc: 0.166667, test avg acc: 0.166667
Train 71, loss: 1.810397, train acc: 0.166964, train avg acc: 0.166964
Test 71, loss: 1.801591, test acc: 0.166667, test avg acc: 0.166667
Train 72, loss: 1.812402, train acc: 0.166270, train avg acc: 0.166270
Test 72, loss: 1.800138, test acc: 0.166667, test avg acc: 0.166667
Train 73, loss: 1.812035, train acc: 0.168452, train avg acc: 0.168452
Test 73, loss: 1.817607, test acc: 0.166667, test avg acc: 0.166667
Train 74, loss: 1.810401, train acc: 0.164881, train avg acc: 0.164881
Test 74, loss: 1.809667, test acc: 0.166667, test avg acc: 0.166667
Train 75, loss: 1.811414, train acc: 0.165675, train avg acc: 0.165675
Test 75, loss: 1.810530, test acc: 0.166667, test avg acc: 0.166667
Train 76, loss: 1.811454, train acc: 0.167163, train avg acc: 0.167163
Test 76, loss: 1.807608, test acc: 0.166667, test avg acc: 0.166667
Train 77, loss: 1.812813, train acc: 0.160218, train avg acc: 0.160218
Test 77, loss: 1.802871, test acc: 0.166667, test avg acc: 0.166667
Train 78, loss: 1.809507, train acc: 0.168254, train avg acc: 0.168254
Test 78, loss: 1.821306, test acc: 0.166667, test avg acc: 0.166667
Train 79, loss: 1.811780, train acc: 0.158929, train avg acc: 0.158929
Test 79, loss: 1.810177, test acc: 0.166667, test avg acc: 0.166667
Train 80, loss: 1.810906, train acc: 0.165873, train avg acc: 0.165873
Test 80, loss: 1.797954, test acc: 0.166667, test avg acc: 0.166667
Train 81, loss: 1.811228, train acc: 0.168552, train avg acc: 0.168552
Test 81, loss: 1.799711, test acc: 0.166667, test avg acc: 0.166667
Train 82, loss: 1.809713, train acc: 0.169246, train avg acc: 0.169246
Test 82, loss: 1.804981, test acc: 0.166667, test avg acc: 0.166667
Train 83, loss: 1.809821, train acc: 0.161111, train avg acc: 0.161111
Test 83, loss: 1.796449, test acc: 0.166667, test avg acc: 0.166667
Train 84, loss: 1.807985, train acc: 0.164187, train avg acc: 0.164187
Test 84, loss: 1.803172, test acc: 0.166667, test avg acc: 0.166667
Train 85, loss: 1.810309, train acc: 0.163690, train avg acc: 0.163690
Test 85, loss: 1.815813, test acc: 0.166667, test avg acc: 0.166667
Train 86, loss: 1.808929, train acc: 0.167758, train avg acc: 0.167758
Test 86, loss: 1.801340, test acc: 0.166667, test avg acc: 0.166667
Train 87, loss: 1.809771, train acc: 0.166369, train avg acc: 0.166369
Test 87, loss: 1.815577, test acc: 0.166667, test avg acc: 0.166667
Train 88, loss: 1.809232, train acc: 0.159821, train avg acc: 0.159821
Test 88, loss: 1.816098, test acc: 0.166667, test avg acc: 0.166667
Train 89, loss: 1.807164, train acc: 0.170238, train avg acc: 0.170238
Test 89, loss: 1.804884, test acc: 0.166667, test avg acc: 0.166667
Train 90, loss: 1.809314, train acc: 0.170139, train avg acc: 0.170139
Test 90, loss: 1.810166, test acc: 0.166667, test avg acc: 0.166667
Train 91, loss: 1.808370, train acc: 0.166964, train avg acc: 0.166964
Test 91, loss: 1.807252, test acc: 0.166667, test avg acc: 0.166667
Train 92, loss: 1.809473, train acc: 0.168155, train avg acc: 0.168155
Test 92, loss: 1.812189, test acc: 0.166667, test avg acc: 0.166667
Train 93, loss: 1.807921, train acc: 0.169048, train avg acc: 0.169048
Test 93, loss: 1.810761, test acc: 0.166667, test avg acc: 0.166667
Train 94, loss: 1.809263, train acc: 0.160417, train avg acc: 0.160417
Test 94, loss: 1.800456, test acc: 0.166667, test avg acc: 0.166667
Train 95, loss: 1.808913, train acc: 0.165476, train avg acc: 0.165476
Test 95, loss: 1.806875, test acc: 0.166667, test avg acc: 0.166667
Train 96, loss: 1.806937, train acc: 0.171329, train avg acc: 0.171329
Test 96, loss: 1.814875, test acc: 0.166667, test avg acc: 0.166667
Train 97, loss: 1.808987, train acc: 0.165079, train avg acc: 0.165079
Test 97, loss: 1.793513, test acc: 0.166667, test avg acc: 0.166667
Train 98, loss: 1.809529, train acc: 0.162202, train avg acc: 0.162202
Test 98, loss: 1.806370, test acc: 0.166667, test avg acc: 0.166667
Train 99, loss: 1.808927, train acc: 0.157639, train avg acc: 0.157639
Test 99, loss: 1.797347, test acc: 0.166667, test avg acc: 0.166667
Train 100, loss: 1.807330, train acc: 0.168056, train avg acc: 0.168056
Test 100, loss: 1.828856, test acc: 0.166667, test avg acc: 0.166667
Train 101, loss: 1.806806, train acc: 0.177083, train avg acc: 0.177083
Test 101, loss: 1.802230, test acc: 0.166667, test avg acc: 0.166667
Train 102, loss: 1.807946, train acc: 0.166270, train avg acc: 0.166270
Test 102, loss: 1.821750, test acc: 0.166667, test avg acc: 0.166667
Train 103, loss: 1.806382, train acc: 0.167659, train avg acc: 0.167659
Test 103, loss: 1.801459, test acc: 0.166667, test avg acc: 0.166667
Train 104, loss: 1.808588, train acc: 0.166369, train avg acc: 0.166369
Test 104, loss: 1.804866, test acc: 0.166667, test avg acc: 0.166667
Train 105, loss: 1.807421, train acc: 0.168750, train avg acc: 0.168750
Test 105, loss: 1.795466, test acc: 0.166667, test avg acc: 0.166667
Train 106, loss: 1.807225, train acc: 0.164187, train avg acc: 0.164187
Test 106, loss: 1.797285, test acc: 0.166667, test avg acc: 0.166667
Train 107, loss: 1.806812, train acc: 0.170238, train avg acc: 0.170238
Test 107, loss: 1.821983, test acc: 0.166667, test avg acc: 0.166667
Train 108, loss: 1.806385, train acc: 0.164881, train avg acc: 0.164881
Test 108, loss: 1.808018, test acc: 0.166667, test avg acc: 0.166667
Train 109, loss: 1.805892, train acc: 0.166865, train avg acc: 0.166865
Test 109, loss: 1.806895, test acc: 0.166667, test avg acc: 0.166667
Train 110, loss: 1.806217, train acc: 0.170833, train avg acc: 0.170833
Test 110, loss: 1.797532, test acc: 0.166667, test avg acc: 0.166667
Train 111, loss: 1.805962, train acc: 0.166667, train avg acc: 0.166667
Test 111, loss: 1.804404, test acc: 0.166667, test avg acc: 0.166667
Train 112, loss: 1.807003, train acc: 0.165079, train avg acc: 0.165079
Test 112, loss: 1.810225, test acc: 0.166667, test avg acc: 0.166667
Train 113, loss: 1.807828, train acc: 0.160615, train avg acc: 0.160615
Test 113, loss: 1.797282, test acc: 0.166667, test avg acc: 0.166667
Train 114, loss: 1.805651, train acc: 0.170337, train avg acc: 0.170337
Test 114, loss: 1.804889, test acc: 0.166667, test avg acc: 0.166667
Train 115, loss: 1.804557, train acc: 0.169841, train avg acc: 0.169841
Test 115, loss: 1.817080, test acc: 0.166667, test avg acc: 0.166667
Train 116, loss: 1.806263, train acc: 0.159028, train avg acc: 0.159028
Test 116, loss: 1.793514, test acc: 0.166667, test avg acc: 0.166667
Train 117, loss: 1.804101, train acc: 0.168552, train avg acc: 0.168552
Test 117, loss: 1.807227, test acc: 0.166667, test avg acc: 0.166667
Train 118, loss: 1.804066, train acc: 0.170933, train avg acc: 0.170933
Test 118, loss: 1.797127, test acc: 0.166667, test avg acc: 0.166667
Train 119, loss: 1.803122, train acc: 0.170437, train avg acc: 0.170437
Test 119, loss: 1.793995, test acc: 0.166667, test avg acc: 0.166667
Train 120, loss: 1.806282, train acc: 0.167460, train avg acc: 0.167460
Test 120, loss: 1.800333, test acc: 0.166667, test avg acc: 0.166667
Train 121, loss: 1.804750, train acc: 0.166667, train avg acc: 0.166667
Test 121, loss: 1.806184, test acc: 0.166667, test avg acc: 0.166667
Train 122, loss: 1.804177, train acc: 0.168651, train avg acc: 0.168651
Test 122, loss: 1.820449, test acc: 0.166667, test avg acc: 0.166667
Train 123, loss: 1.804493, train acc: 0.161905, train avg acc: 0.161905
Test 123, loss: 1.793053, test acc: 0.166667, test avg acc: 0.166667
Train 124, loss: 1.803503, train acc: 0.165278, train avg acc: 0.165278
Test 124, loss: 1.795603, test acc: 0.166667, test avg acc: 0.166667
Train 125, loss: 1.802821, train acc: 0.165377, train avg acc: 0.165377
Test 125, loss: 1.796135, test acc: 0.166667, test avg acc: 0.166667
Train 126, loss: 1.802467, train acc: 0.174306, train avg acc: 0.174306
Test 126, loss: 1.806965, test acc: 0.166667, test avg acc: 0.166667
Train 127, loss: 1.803479, train acc: 0.162996, train avg acc: 0.162996
Test 127, loss: 1.807256, test acc: 0.166667, test avg acc: 0.166667
Train 128, loss: 1.804008, train acc: 0.159524, train avg acc: 0.159524
Test 128, loss: 1.806921, test acc: 0.166667, test avg acc: 0.166667
Train 129, loss: 1.803542, train acc: 0.167659, train avg acc: 0.167659
Test 129, loss: 1.796914, test acc: 0.166667, test avg acc: 0.166667
Train 130, loss: 1.803043, train acc: 0.167163, train avg acc: 0.167163
Test 130, loss: 1.801508, test acc: 0.166667, test avg acc: 0.166667
Train 131, loss: 1.802990, train acc: 0.168948, train avg acc: 0.168948
Test 131, loss: 1.800215, test acc: 0.166667, test avg acc: 0.166667
Train 132, loss: 1.802424, train acc: 0.167956, train avg acc: 0.167956
Test 132, loss: 1.798366, test acc: 0.166667, test avg acc: 0.166667
Train 133, loss: 1.802871, train acc: 0.170040, train avg acc: 0.170040
Test 133, loss: 1.794717, test acc: 0.166667, test avg acc: 0.166667
Train 134, loss: 1.804243, train acc: 0.162103, train avg acc: 0.162103
Test 134, loss: 1.801763, test acc: 0.166667, test avg acc: 0.166667
Train 135, loss: 1.803320, train acc: 0.165972, train avg acc: 0.165972
Test 135, loss: 1.797222, test acc: 0.166667, test avg acc: 0.166667
Train 136, loss: 1.801227, train acc: 0.162302, train avg acc: 0.162302
Test 136, loss: 1.811543, test acc: 0.166667, test avg acc: 0.166667
Train 137, loss: 1.802761, train acc: 0.163988, train avg acc: 0.163988
Test 137, loss: 1.814840, test acc: 0.166667, test avg acc: 0.166667
Train 138, loss: 1.801973, train acc: 0.166667, train avg acc: 0.166667
Test 138, loss: 1.808627, test acc: 0.166667, test avg acc: 0.166667
Train 139, loss: 1.801443, train acc: 0.170933, train avg acc: 0.170933
Test 139, loss: 1.796826, test acc: 0.166667, test avg acc: 0.166667
Train 140, loss: 1.801136, train acc: 0.160317, train avg acc: 0.160317
Test 140, loss: 1.813551, test acc: 0.166667, test avg acc: 0.166667
Train 141, loss: 1.801556, train acc: 0.162202, train avg acc: 0.162202
Test 141, loss: 1.796408, test acc: 0.166667, test avg acc: 0.166667
Train 142, loss: 1.801491, train acc: 0.166766, train avg acc: 0.166766
Test 142, loss: 1.802348, test acc: 0.166667, test avg acc: 0.166667
Train 143, loss: 1.800465, train acc: 0.169345, train avg acc: 0.169345
Test 143, loss: 1.800246, test acc: 0.166667, test avg acc: 0.166667
Train 144, loss: 1.801456, train acc: 0.169345, train avg acc: 0.169345
Test 144, loss: 1.796903, test acc: 0.166667, test avg acc: 0.166667
Train 145, loss: 1.800545, train acc: 0.168552, train avg acc: 0.168552
Test 145, loss: 1.804548, test acc: 0.166667, test avg acc: 0.166667
Train 146, loss: 1.801310, train acc: 0.168750, train avg acc: 0.168750
Test 146, loss: 1.802413, test acc: 0.166667, test avg acc: 0.166667
Train 147, loss: 1.799660, train acc: 0.167956, train avg acc: 0.167956
Test 147, loss: 1.807502, test acc: 0.166667, test avg acc: 0.166667
Train 148, loss: 1.800112, train acc: 0.168948, train avg acc: 0.168948
Test 148, loss: 1.801422, test acc: 0.166667, test avg acc: 0.166667
Train 149, loss: 1.800913, train acc: 0.164782, train avg acc: 0.164782
Test 149, loss: 1.802722, test acc: 0.166667, test avg acc: 0.166667
Train 150, loss: 1.801042, train acc: 0.163988, train avg acc: 0.163988
Test 150, loss: 1.798278, test acc: 0.166667, test avg acc: 0.166667
Train 151, loss: 1.799461, train acc: 0.165774, train avg acc: 0.165774
Test 151, loss: 1.798720, test acc: 0.166667, test avg acc: 0.166667
Train 152, loss: 1.799539, train acc: 0.167956, train avg acc: 0.167956
Test 152, loss: 1.815080, test acc: 0.166667, test avg acc: 0.166667
Train 153, loss: 1.799663, train acc: 0.166865, train avg acc: 0.166865
Test 153, loss: 1.797559, test acc: 0.166667, test avg acc: 0.166667
Train 154, loss: 1.800143, train acc: 0.164583, train avg acc: 0.164583
Test 154, loss: 1.804954, test acc: 0.166667, test avg acc: 0.166667
Train 155, loss: 1.799593, train acc: 0.172421, train avg acc: 0.172421
Test 155, loss: 1.794646, test acc: 0.166667, test avg acc: 0.166667
Train 156, loss: 1.799162, train acc: 0.163294, train avg acc: 0.163294
Test 156, loss: 1.799215, test acc: 0.166667, test avg acc: 0.166667
Train 157, loss: 1.800020, train acc: 0.167758, train avg acc: 0.167758
Test 157, loss: 1.794037, test acc: 0.166667, test avg acc: 0.166667
Train 158, loss: 1.799427, train acc: 0.162897, train avg acc: 0.162897
Test 158, loss: 1.798494, test acc: 0.166667, test avg acc: 0.166667
Train 159, loss: 1.798719, train acc: 0.161905, train avg acc: 0.161905
Test 159, loss: 1.798670, test acc: 0.166667, test avg acc: 0.166667
Train 160, loss: 1.799399, train acc: 0.159921, train avg acc: 0.159921
Test 160, loss: 1.796320, test acc: 0.166667, test avg acc: 0.166667
Train 161, loss: 1.798994, train acc: 0.163889, train avg acc: 0.163889
Test 161, loss: 1.797430, test acc: 0.166667, test avg acc: 0.166667
Train 162, loss: 1.798824, train acc: 0.164385, train avg acc: 0.164385
Test 162, loss: 1.804250, test acc: 0.166667, test avg acc: 0.166667
Train 163, loss: 1.797654, train acc: 0.167262, train avg acc: 0.167262
Test 163, loss: 1.798703, test acc: 0.166667, test avg acc: 0.166667
Train 164, loss: 1.797999, train acc: 0.168948, train avg acc: 0.168948
Test 164, loss: 1.796240, test acc: 0.166667, test avg acc: 0.166667
Train 165, loss: 1.798003, train acc: 0.168254, train avg acc: 0.168254
Test 165, loss: 1.800310, test acc: 0.166667, test avg acc: 0.166667
Train 166, loss: 1.798393, train acc: 0.160714, train avg acc: 0.160714
Test 166, loss: 1.792257, test acc: 0.166667, test avg acc: 0.166667
Train 167, loss: 1.797125, train acc: 0.170833, train avg acc: 0.170833
Test 167, loss: 1.799809, test acc: 0.166667, test avg acc: 0.166667
Train 168, loss: 1.797488, train acc: 0.168056, train avg acc: 0.168056
Test 168, loss: 1.795709, test acc: 0.166667, test avg acc: 0.166667
Train 169, loss: 1.797003, train acc: 0.168849, train avg acc: 0.168849
Test 169, loss: 1.795158, test acc: 0.166667, test avg acc: 0.166667
Train 170, loss: 1.796803, train acc: 0.165278, train avg acc: 0.165278
Test 170, loss: 1.797720, test acc: 0.166667, test avg acc: 0.166667
Train 171, loss: 1.797392, train acc: 0.171528, train avg acc: 0.171528
Test 171, loss: 1.799492, test acc: 0.166667, test avg acc: 0.166667
Train 172, loss: 1.797470, train acc: 0.169544, train avg acc: 0.169544
Test 172, loss: 1.796629, test acc: 0.166667, test avg acc: 0.166667
Train 173, loss: 1.796940, train acc: 0.163591, train avg acc: 0.163591
Test 173, loss: 1.803934, test acc: 0.166667, test avg acc: 0.166667
Train 174, loss: 1.797197, train acc: 0.169544, train avg acc: 0.169544
Test 174, loss: 1.794019, test acc: 0.166667, test avg acc: 0.166667
Train 175, loss: 1.796729, train acc: 0.162599, train avg acc: 0.162599
Test 175, loss: 1.794221, test acc: 0.166667, test avg acc: 0.166667
Train 176, loss: 1.796836, train acc: 0.163393, train avg acc: 0.163393
Test 176, loss: 1.796999, test acc: 0.166667, test avg acc: 0.166667
Train 177, loss: 1.797210, train acc: 0.162103, train avg acc: 0.162103
Test 177, loss: 1.794763, test acc: 0.166667, test avg acc: 0.166667
Train 178, loss: 1.796738, train acc: 0.162698, train avg acc: 0.162698
Test 178, loss: 1.796536, test acc: 0.166667, test avg acc: 0.166667
Train 179, loss: 1.796273, train acc: 0.165179, train avg acc: 0.165179
Test 179, loss: 1.797674, test acc: 0.166667, test avg acc: 0.166667
Train 180, loss: 1.796346, train acc: 0.161607, train avg acc: 0.161607
Test 180, loss: 1.795304, test acc: 0.166667, test avg acc: 0.166667
Train 181, loss: 1.796476, train acc: 0.165774, train avg acc: 0.165774
Test 181, loss: 1.800406, test acc: 0.166667, test avg acc: 0.166667
Train 182, loss: 1.796438, train acc: 0.159623, train avg acc: 0.159623
Test 182, loss: 1.800767, test acc: 0.166667, test avg acc: 0.166667
Train 183, loss: 1.796275, train acc: 0.166071, train avg acc: 0.166071
Test 183, loss: 1.796628, test acc: 0.166667, test avg acc: 0.166667
Train 184, loss: 1.795521, train acc: 0.172421, train avg acc: 0.172421
Test 184, loss: 1.793662, test acc: 0.166667, test avg acc: 0.166667
Train 185, loss: 1.796081, train acc: 0.162500, train avg acc: 0.162500
Test 185, loss: 1.793942, test acc: 0.166667, test avg acc: 0.166667
Train 186, loss: 1.795764, train acc: 0.170635, train avg acc: 0.170635
Test 186, loss: 1.797889, test acc: 0.166667, test avg acc: 0.166667
Train 187, loss: 1.795383, train acc: 0.169444, train avg acc: 0.169444
Test 187, loss: 1.796613, test acc: 0.166667, test avg acc: 0.166667
Train 188, loss: 1.795489, train acc: 0.171627, train avg acc: 0.171627
Test 188, loss: 1.798266, test acc: 0.166667, test avg acc: 0.166667
Train 189, loss: 1.795774, train acc: 0.162302, train avg acc: 0.162302
Test 189, loss: 1.793479, test acc: 0.166667, test avg acc: 0.166667
Train 190, loss: 1.795016, train acc: 0.160417, train avg acc: 0.160417
Test 190, loss: 1.794472, test acc: 0.166667, test avg acc: 0.166667
Train 191, loss: 1.795074, train acc: 0.157937, train avg acc: 0.157937
Test 191, loss: 1.799020, test acc: 0.166667, test avg acc: 0.166667
Train 192, loss: 1.795459, train acc: 0.165079, train avg acc: 0.165079
Test 192, loss: 1.791990, test acc: 0.166667, test avg acc: 0.166667
Train 193, loss: 1.794841, train acc: 0.162698, train avg acc: 0.162698
Test 193, loss: 1.793007, test acc: 0.166667, test avg acc: 0.166667
Train 194, loss: 1.794585, train acc: 0.169940, train avg acc: 0.169940
Test 194, loss: 1.793562, test acc: 0.166667, test avg acc: 0.166667
Train 195, loss: 1.794392, train acc: 0.174603, train avg acc: 0.174603
Test 195, loss: 1.799337, test acc: 0.166667, test avg acc: 0.166667
Train 196, loss: 1.794344, train acc: 0.169940, train avg acc: 0.169940
Test 196, loss: 1.794199, test acc: 0.166667, test avg acc: 0.166667
Train 197, loss: 1.794638, train acc: 0.165377, train avg acc: 0.165377
Test 197, loss: 1.792511, test acc: 0.166667, test avg acc: 0.166667
Train 198, loss: 1.794853, train acc: 0.162401, train avg acc: 0.162401
Test 198, loss: 1.794646, test acc: 0.166667, test avg acc: 0.166667
Train 199, loss: 1.794027, train acc: 0.169246, train avg acc: 0.169246
Test 199, loss: 1.793555, test acc: 0.166667, test avg acc: 0.166667
Train 200, loss: 1.794374, train acc: 0.160516, train avg acc: 0.160516
Test 200, loss: 1.793387, test acc: 0.166667, test avg acc: 0.166667
Train 201, loss: 1.794544, train acc: 0.169246, train avg acc: 0.169246
Test 201, loss: 1.794117, test acc: 0.166667, test avg acc: 0.166667
Train 202, loss: 1.793735, train acc: 0.167460, train avg acc: 0.167460
Test 202, loss: 1.794131, test acc: 0.166667, test avg acc: 0.166667
Train 203, loss: 1.794300, train acc: 0.161806, train avg acc: 0.161806
Test 203, loss: 1.793721, test acc: 0.166667, test avg acc: 0.166667
Train 204, loss: 1.793683, train acc: 0.168452, train avg acc: 0.168452
Test 204, loss: 1.796065, test acc: 0.166667, test avg acc: 0.166667
Train 205, loss: 1.794543, train acc: 0.164087, train avg acc: 0.164087
Test 205, loss: 1.792687, test acc: 0.166667, test avg acc: 0.166667
Train 206, loss: 1.793600, train acc: 0.167163, train avg acc: 0.167163
Test 206, loss: 1.796154, test acc: 0.166667, test avg acc: 0.166667
Train 207, loss: 1.794018, train acc: 0.164980, train avg acc: 0.164980
Test 207, loss: 1.794804, test acc: 0.166667, test avg acc: 0.166667
Train 208, loss: 1.793678, train acc: 0.163790, train avg acc: 0.163790
Test 208, loss: 1.794450, test acc: 0.166667, test avg acc: 0.166667
Train 209, loss: 1.793102, train acc: 0.171131, train avg acc: 0.171131
Test 209, loss: 1.793372, test acc: 0.166667, test avg acc: 0.166667
Train 210, loss: 1.793701, train acc: 0.158333, train avg acc: 0.158333
Test 210, loss: 1.793321, test acc: 0.166667, test avg acc: 0.166667
Train 211, loss: 1.793614, train acc: 0.163194, train avg acc: 0.163194
Test 211, loss: 1.793460, test acc: 0.166667, test avg acc: 0.166667
Train 212, loss: 1.793318, train acc: 0.163790, train avg acc: 0.163790
Test 212, loss: 1.793191, test acc: 0.166667, test avg acc: 0.166667
Train 213, loss: 1.793046, train acc: 0.167460, train avg acc: 0.167460
Test 213, loss: 1.796224, test acc: 0.166667, test avg acc: 0.166667
Train 214, loss: 1.793337, train acc: 0.167063, train avg acc: 0.167063
Test 214, loss: 1.792086, test acc: 0.166667, test avg acc: 0.166667
Train 215, loss: 1.793326, train acc: 0.160516, train avg acc: 0.160516
Test 215, loss: 1.792385, test acc: 0.166667, test avg acc: 0.166667
Train 216, loss: 1.793305, train acc: 0.163790, train avg acc: 0.163790
Test 216, loss: 1.791988, test acc: 0.166667, test avg acc: 0.166667
Train 217, loss: 1.792954, train acc: 0.172024, train avg acc: 0.172024
Test 217, loss: 1.792654, test acc: 0.166667, test avg acc: 0.166667
Train 218, loss: 1.793132, train acc: 0.160615, train avg acc: 0.160615
Test 218, loss: 1.792432, test acc: 0.166667, test avg acc: 0.166667
Train 219, loss: 1.792712, train acc: 0.168849, train avg acc: 0.168849
Test 219, loss: 1.793347, test acc: 0.166667, test avg acc: 0.166667
Train 220, loss: 1.792710, train acc: 0.167063, train avg acc: 0.167063
Test 220, loss: 1.793047, test acc: 0.166667, test avg acc: 0.166667
Train 221, loss: 1.793198, train acc: 0.159821, train avg acc: 0.159821
Test 221, loss: 1.792070, test acc: 0.166667, test avg acc: 0.166667
Train 222, loss: 1.792852, train acc: 0.163790, train avg acc: 0.163790
Test 222, loss: 1.792194, test acc: 0.166667, test avg acc: 0.166667
Train 223, loss: 1.792841, train acc: 0.168452, train avg acc: 0.168452
Test 223, loss: 1.792831, test acc: 0.166667, test avg acc: 0.166667
Train 224, loss: 1.792887, train acc: 0.163294, train avg acc: 0.163294
Test 224, loss: 1.792716, test acc: 0.166667, test avg acc: 0.166667
Train 225, loss: 1.792743, train acc: 0.163393, train avg acc: 0.163393
Test 225, loss: 1.791981, test acc: 0.166667, test avg acc: 0.166667
Train 226, loss: 1.792176, train acc: 0.169147, train avg acc: 0.169147
Test 226, loss: 1.793691, test acc: 0.166667, test avg acc: 0.166667
Train 227, loss: 1.792500, train acc: 0.168155, train avg acc: 0.168155
Test 227, loss: 1.792340, test acc: 0.166667, test avg acc: 0.166667
Train 228, loss: 1.792677, train acc: 0.160615, train avg acc: 0.160615
Test 228, loss: 1.792311, test acc: 0.166667, test avg acc: 0.166667
Train 229, loss: 1.792279, train acc: 0.166667, train avg acc: 0.166667
Test 229, loss: 1.792317, test acc: 0.166667, test avg acc: 0.166667
Train 230, loss: 1.792421, train acc: 0.169147, train avg acc: 0.169147
Test 230, loss: 1.792744, test acc: 0.166667, test avg acc: 0.166667
Train 231, loss: 1.792574, train acc: 0.164782, train avg acc: 0.164782
Test 231, loss: 1.792400, test acc: 0.166667, test avg acc: 0.166667
Train 232, loss: 1.792446, train acc: 0.163393, train avg acc: 0.163393
Test 232, loss: 1.792333, test acc: 0.166667, test avg acc: 0.166667
Train 233, loss: 1.792295, train acc: 0.162103, train avg acc: 0.162103
Test 233, loss: 1.791974, test acc: 0.166667, test avg acc: 0.166667
Train 234, loss: 1.792422, train acc: 0.163690, train avg acc: 0.163690
Test 234, loss: 1.791857, test acc: 0.166667, test avg acc: 0.166667
Train 235, loss: 1.792129, train acc: 0.169246, train avg acc: 0.169246
Test 235, loss: 1.792023, test acc: 0.166667, test avg acc: 0.166667
Train 236, loss: 1.792350, train acc: 0.155357, train avg acc: 0.155357
Test 236, loss: 1.791851, test acc: 0.166667, test avg acc: 0.166667
Train 237, loss: 1.792250, train acc: 0.164683, train avg acc: 0.164683
Test 237, loss: 1.792077, test acc: 0.166667, test avg acc: 0.166667
Train 238, loss: 1.792305, train acc: 0.161607, train avg acc: 0.161607
Test 238, loss: 1.791907, test acc: 0.166667, test avg acc: 0.166667
Train 239, loss: 1.792253, train acc: 0.163393, train avg acc: 0.163393
Test 239, loss: 1.791819, test acc: 0.166667, test avg acc: 0.166667
Train 240, loss: 1.792214, train acc: 0.162897, train avg acc: 0.162897
Test 240, loss: 1.791831, test acc: 0.166667, test avg acc: 0.166667
Train 241, loss: 1.792149, train acc: 0.167659, train avg acc: 0.167659
Test 241, loss: 1.791967, test acc: 0.166667, test avg acc: 0.166667
Train 242, loss: 1.792180, train acc: 0.160714, train avg acc: 0.160714
Test 242, loss: 1.792068, test acc: 0.166667, test avg acc: 0.166667
Train 243, loss: 1.792202, train acc: 0.161012, train avg acc: 0.161012
Test 243, loss: 1.791862, test acc: 0.166667, test avg acc: 0.166667
Train 244, loss: 1.792231, train acc: 0.159921, train avg acc: 0.159921
Test 244, loss: 1.791793, test acc: 0.166667, test avg acc: 0.166667
Train 245, loss: 1.792098, train acc: 0.163889, train avg acc: 0.163889
Test 245, loss: 1.791897, test acc: 0.166667, test avg acc: 0.166667
Train 246, loss: 1.792097, train acc: 0.167063, train avg acc: 0.167063
Test 246, loss: 1.791824, test acc: 0.166667, test avg acc: 0.166667
Train 247, loss: 1.792099, train acc: 0.162996, train avg acc: 0.162996
Test 247, loss: 1.791871, test acc: 0.166667, test avg acc: 0.166667
Train 248, loss: 1.792161, train acc: 0.165179, train avg acc: 0.165179
Test 248, loss: 1.791882, test acc: 0.166667, test avg acc: 0.166667
Train 249, loss: 1.792141, train acc: 0.161409, train avg acc: 0.161409
Test 249, loss: 1.791833, test acc: 0.166667, test avg acc: 0.166667
Namespace(exp_name='pointnet_200', model='pointnet', dataset='modelnet40', batch_size=5, test_batch_size=2, epochs=250, use_sgd=True, lr=0.001, momentum=0.9, no_cuda=False, seed=1, eval=True, num_points=200, dropout=0.5, emb_dims=1024, k=20, model_path='checkpoints/pointnet_200/models/model.t7')
Using GPU : 0 from 1 devices
Test :: test acc: 0.167063, test avg acc: 0.167063
